****************************************
Report : timing
        -path_type full
        -delay_type min
        -max_paths 1
        -report_by design
Design : picorv32
Version: W-2024.09-SP2
Date   : Wed Jul 30 15:40:41 2025
****************************************

  Startpoint: decoder_pseudo_trigger_reg (rising edge-triggered flip-flop clocked by clk)
  Endpoint: clock_gate_instr_add_reg (rising clock gating-check end-point clocked by clk)
  Mode: FUNC
  Corner: Fast
  Scenario: FUNC_Fast
  Path Group: clk
  Path Type: min

  Point                                            Incr      Path  
  ------------------------------------------------------------------------
  clock clk (rise edge)                            0.00      0.00
  clock network delay (propagated)                 0.06      0.06

  decoder_pseudo_trigger_reg/CK (SAEDRVT14_FSDPQB_V2_4)
                                                   0.00      0.06 r
  decoder_pseudo_trigger_reg/QN (SAEDRVT14_FSDPQB_V2_4)
                                                   0.02      0.08 r
  ctmi_12869/X (SAEDRVT14_ND2_MM_0P5)              0.01      0.10 f
  ctmi_13050/X (SAEDRVT14_ND2_CDC_1)               0.01      0.11 r
  clock_gate_instr_add_reg/EN (SAEDRVT14_CKGTPLT_V5_6)
                                                   0.00      0.11 r
  data arrival time                                          0.11

  clock clk (rise edge)                            0.00      0.00
  clock network delay (propagated)                 0.06      0.06
  clock_gate_instr_add_reg/CK (SAEDRVT14_CKGTPLT_V5_6)
                                                   0.00      0.06 r
  clock uncertainty                                0.05      0.11
  library hold time                               -0.01      0.11
  data required time                                         0.11
  ------------------------------------------------------------------------
  data required time                                         0.11
  data arrival time                                         -0.11
  ------------------------------------------------------------------------
  slack (VIOLATED)                                          -0.00


1
