****************************************
Report : qor
Design : picorv32
Version: W-2024.09-SP2
Date   : Wed Jul 30 15:40:41 2025
****************************************


Scenario           'FUNC_Fast'
Timing Path Group  'clk'
----------------------------------------
Levels of Logic:                     35
Critical Path Length:              0.50
Critical Path Slack:               0.42
Critical Path Clk Period:          1.20
Total Negative Slack:              0.00
No. of Violating Paths:               0
Worst Hold Violation:             -0.00
Total Hold Violation:             -0.00
No. of Hold Violations:               2
----------------------------------------

Scenario           'FUNC_Slow'
Timing Path Group  'clk'
----------------------------------------
Levels of Logic:                     36
Critical Path Length:              0.91
Critical Path Slack:               0.00
Critical Path Clk Period:          1.20
Total Negative Slack:              0.00
No. of Violating Paths:               0
Worst Hold Violation:              0.00
Total Hold Violation:              0.00
No. of Hold Violations:               0
----------------------------------------

Scenario           'FUNC_Typical'
Timing Path Group  'clk'
----------------------------------------
Levels of Logic:                     34
Critical Path Length:              0.65
Critical Path Slack:               0.26
Critical Path Clk Period:          1.20
Total Negative Slack:              0.00
No. of Violating Paths:               0
Worst Hold Violation:              0.00
Total Hold Violation:              0.00
No. of Hold Violations:               0
----------------------------------------


Cell Count
----------------------------------------
Hierarchical Cell Count:              0
Hierarchical Port Count:              0
Leaf Cell Count:                   6002
Buf/Inv Cell Count:                 642
Buf Cell Count:                     319
Inv Cell Count:                     323
Combinational Cell Count:          4325
   Single-bit Isolation Cell Count:                        0
   Multi-bit Isolation Cell Count:                         0
   Isolation Cell Banking Ratio:                           0.00%
   Single-bit Level Shifter Cell Count:                    0
   Multi-bit Level Shifter Cell Count:                     0
   Level Shifter Cell Banking Ratio:                       0.00%
   Single-bit ELS Cell Count:                              0
   Multi-bit ELS Cell Count:                               0
   ELS Cell Banking Ratio:                                 0.00%
Sequential Cell Count:             1677
   Integrated Clock-Gating Cell Count:                     54
   Sequential Macro Cell Count:                            0
   Single-bit Sequential Cell Count:                       1623
   Multi-bit Sequential Cell Count:                        0
   Sequential Cell Banking Ratio:                          0.00%
   BitsPerflop:                                            1.00
Macro Count:                          0
----------------------------------------


Area
----------------------------------------
Combinational Area:             1516.57
Noncombinational Area:          1926.16
Buf/Inv Area:                    165.35
Total Buffer Area:               105.23
Total Inverter Area:              60.12
Macro/Black Box Area:              0.00
Net Area:                             0
Net XLength:                   47925.12
Net YLength:                   35587.03
----------------------------------------
Cell Area (netlist):                           3442.73
Cell Area (netlist and physical only):         3768.27
Net Length:                    83512.15


Design Rules
----------------------------------------
Total Number of Nets:              6706
Nets with Violations:                 0
Max Trans Violations:                 0
Max Cap Violations:                   0
----------------------------------------

1
