****************************************
Report : timing
        -path_type full
        -delay_type max
        -max_paths 1
        -report_by design
Design : picorv32
Version: W-2024.09-SP2
Date   : Wed Jul 30 15:40:41 2025
****************************************

  Startpoint: latched_branch_reg (rising edge-triggered flip-flop clocked by clk)
  Endpoint: reg_next_pc_reg[29] (rising edge-triggered flip-flop clocked by clk)
  Mode: FUNC
  Corner: Slow
  Scenario: FUNC_Slow
  Path Group: clk
  Path Type: max

  Point                                            Incr      Path  
  ------------------------------------------------------------------------
  clock clk (rise edge)                            0.00      0.00
  clock network delay (propagated)                 0.08      0.08

  latched_branch_reg/CK (SAEDRVT14_FSDP_V2_2)      0.00      0.08 r
  latched_branch_reg/Q (SAEDRVT14_FSDP_V2_2)       0.05      0.13 r
  A7631/X (SAEDRVT14_ND2_ECO_1)                    0.03      0.16 f
  placeHFSBUF_277_7962/X (SAEDRVT14_BUF_ECO_2)     0.04      0.20 f
  A7899/X (SAEDRVT14_NR2_2)                        0.07      0.27 r
  ctmi_6784/X (SAEDRVT14_AO222_1)                  0.06      0.33 r
  A7570/X (SAEDRVT14_ND2_CDC_1)                    0.02      0.35 f
  A7572/X (SAEDRVT14_OAI21_0P5)                    0.01      0.37 r
  A7573/X (SAEDRVT14_AO31_1)                       0.02      0.39 r
  ctmi_6677/X (SAEDRVT14_NR2_MM_0P5)               0.01      0.40 f
  ctmi_6684/X (SAEDRVT14_OAI21_0P5)                0.02      0.42 r
  A7608/X (SAEDRVT14_ND2_CDC_1)                    0.01      0.44 f
  A7609/X (SAEDRVT14_ND2_CDC_1)                    0.01      0.45 r
  add_1571/U_18/CO (SAEDRVT14_ADDF_V1_1)           0.03      0.47 r
  A7558/X (SAEDRVT14_AOI21_0P75)                   0.01      0.49 f
  A7559/X (SAEDRVT14_NR2_MM_0P5)                   0.01      0.50 r
  A7560/X (SAEDRVT14_NR2_MM_0P5)                   0.01      0.51 f
  ctmi_6582/X (SAEDRVT14_OAI21_1)                  0.03      0.54 r
  placectmTdsLR_1_21330/X (SAEDRVT14_AO221_0P5)    0.04      0.57 r
  add_1571/U_33/CO (SAEDRVT14_ADDF_V1_0P5)         0.04      0.61 r
  A7620/X (SAEDRVT14_ND2_CDC_1)                    0.01      0.62 f
  A7621/X (SAEDRVT14_ND2_CDC_1)                    0.01      0.63 r
  ctmi_6675/X (SAEDRVT14_ND2_CDC_1)                0.01      0.64 f
  A7634/X (SAEDRVT14_OAI21_0P5)                    0.01      0.65 r
  A7635/X (SAEDRVT14_NR2_1)                        0.02      0.67 f
  A7637/X (SAEDRVT14_OAI21_0P5)                    0.02      0.68 r
  add_1571/U_45/CO (SAEDRVT14_ADDF_V1_0P5)         0.03      0.72 r
  add_1571/U_48/CO (SAEDRVT14_ADDF_V1_0P5)         0.03      0.75 r
  add_1571/U_50/CO (SAEDRVT14_ADDF_V1_0P5)         0.03      0.78 r
  add_1571/U_53/CO (SAEDRVT14_ADDF_V1_0P5)         0.03      0.82 r
  add_1571/U_55/CO (SAEDRVT14_ADDF_V1_0P5)         0.03      0.85 r
  add_1571/U_58/CO (SAEDRVT14_ADDF_V1_0P5)         0.04      0.88 r
  ctmi_6602/X (SAEDRVT14_OAI21_0P5)                0.02      0.90 f
  ctmi_6601/X (SAEDRVT14_NR2_1)                    0.02      0.92 r
  ctmi_6627/X (SAEDRVT14_AOI21_0P75)               0.02      0.94 f
  ctmi_6626/X (SAEDRVT14_ND2_CDC_1)                0.02      0.96 r
  ctmi_6625/X (SAEDRVT14_MUXI2_U_0P5)              0.02      0.98 r
  ctmi_6624/X (SAEDRVT14_NR2_MM_0P5)               0.01      0.99 f
  reg_next_pc_reg[29]/D0 (SAEDRVT14_FSDPMQ_LP_1)   0.00      0.99 f
  data arrival time                                          0.99

  clock clk (rise edge)                            1.20      1.20
  clock network delay (propagated)                 0.09      1.29
  reg_next_pc_reg[29]/CK (SAEDRVT14_FSDPMQ_LP_1)   0.00      1.29 r
  clock uncertainty                               -0.25      1.04
  library setup time                              -0.05      0.99
  data required time                                         0.99
  ------------------------------------------------------------------------
  data required time                                         0.99
  data arrival time                                         -0.99
  ------------------------------------------------------------------------
  slack (MET)                                                0.00


1
