****************************************
Report : area
Design : picorv32
Version: W-2024.09-SP2
Date   : Wed Jul 30 14:42:32 2025
****************************************

Number of ports:                          411
Number of nets:                          6312
Number of cells:                         5607
Number of combinational cells:           3930
Number of sequential cells:              1677
Number of macros/black boxes:               0
Number of buf/inv:                        290
Number of references:                     123

Combinational area:                   1401.35
Buf/Inv area:                           52.70
Noncombinational area:                1903.92
Macro/Black Box area:                    0.00

Total cell area:                      3305.27
1
